Log Level  : 3
 BXM TYPE : Local  BXM 
 BXM Protocol Type: IB 
IB configBX_API:bx_init(): Line 417:Enter: bx_init
BX_API:bx_init_ctx(): Line 139:Enter: bx_init_ctx
BX_API:bx_init_ctx(): Line 229:Exit: bx_init_ctx
BX_API:bx_post_recv(): Line 296:Enter: bx_post_recv
BX_API:bx_post_recv(): Line 301:Exit: bx_post_recv
BX_API:bx_get_local_lid(): Line 74:Enter: bx_get_local_lid
BX_API:bx_get_local_lid(): Line 79:Exit: bx_get_local_lid

local address:  LID 0x0007, QPN 0x010404
BX_API:bx_init(): Line 501:Exit: bx_init
BX_API:bx_send_sa(): Line 818:Enter bx_send_sa
BX_API:bx_join_multicast_group(): Line 775:Enter: bx_join_multicast_group
BX_API:bx_send_sa_mad(): Line 661:Enter: bx_send_sa_mad
BX_API:** MAD packet from BXM  **
 01 03 02 02  00 00 00 00  00 00 00 00  12 34 56 78 
 00 38 00 00  00 00 00 00  00 00 00 00  00 00 00 00 
 00 00 00 00  00 00 00 00  00 00 00 00  00 00 00 00 
 00 00 00 00  00 01 30 C7  FF 12 E0 1B  00 00 00 00 
 00 00 00 00  00 00 00 00  FE 80 00 00  00 00 00 00 
 00 02 C9 02  00 00 77 65  80 02 00 02  FF 7F 00 00 
 FF FF 00 00  00 00 00 00  01 BE 60 C8  00 00 00 00 
 00 00 00 00  00 00 00 00  00 00 00 00  00 00 00 00 
 00 00 00 00  00 00 00 00  00 00 00 00  00 00 00 00 
 00 00 00 00  00 00 00 00  00 00 00 00  00 00 00 00 
 00 00 00 00  00 00 00 00  00 00 00 00  00 00 00 00 
 00 00 00 00  00 00 00 00  00 00 00 00  00 00 00 00 
 00 00 00 00  00 00 00 00  00 00 00 00  00 00 00 00 
 00 00 00 00  00 00 00 00  00 00 00 00  00 00 00 00 
 00 00 00 00  00 00 00 00  00 00 00 00  00 00 00 00 
 00 00 00 00  00 00 00 00  00 00 00 00  00 00 00 00 

UMAD port 1 of device mthca0 was opened

*** UMAD agent was registered*** 
BX_API:check_mad_status(): Line 620:Enter: check_mad_status
BX_API:check_mad_status(): Line 643:Exit: check_mad_status
BX_API:get_mlid_from_mad(): Line 606:Enter: get_mlid_from_mad
BX_API:get_mlid_from_mad(): Line 611:Exit: get_mlid_from_mad

 ***node has joined multicast group, mlid = 0xc001*** 
BX_API:bx_send_sa_mad(): Line 767:Exit: bx_send_sa_mad
BX_API:bx_join_multicast_group(): Line 808:Exit: bx_join_multicast_group
BX_API:** Attached QP to Multicast Group ***
BX_API:bx_send_sa(): Line 855:Exit bx_send_sa
BX_API:bx_send(): Line 511:Enter: bx_send()
BX_API:bx_connect_ctx(): Line 89:Enter: bx_connect_ctx
BX_API:*** Remote LID = 0xc001 ***
BX_API:*** SL = 0x0 ***
BX_API:bx_connect_ctx(): Line 131:Enter: bx_connect_ctx
BX_API:*** BXM sent this packet on bx_send() ***

 00 03 c0 01 00 20 00 07 60 00 00 00 00 10 10 01
 fe 80 00 00 00 00 00 00 00 02 c9 02 00 00 77 65
 ff 12 e0 1b 00 00 00 00 00 00 00 00 00 00 00 00
 04 40 ff ff 00 ff ff ff 00 00 00 00 80 02 00 02
 00 01 04 04 80 00 00 00 ff f9 00 02 00 0e c0 01
 0d 03 00 00 6d 65 6c 6c 61 6e 6f 78 f0 07 00 00
 6d 65 6c 6c 61 6e 6f 78 00 01 04 04 00 00 00 07
 31 00 00 00 00 00 4c 65 f1 04 00 00 6d 65 6c 6c
 61 6e 6f 78 00 00 00 80 a7 00 00 00 01 00 00 00
 30 35 38 bf ff 7f 00 00 c0 d1 73 eb e9 2a 00 00
 28 00 00 00 30 00 00 00 a0 38 38 bf ff 7f 00 00
 e0 37 38 bf ff 7f 00 00 68 36 38 bf ff 7f 00 00
 00 00 00 00 00 00 00 00
BX_API:bx_send(): Line 532:Exit: bx_send()
BX_API:bx_post_send(): Line 346:Enter: bx_post_send
BX_API:*** Length of packet in bytes = 64***
BX_API:** Remote Qkey = 0x80020002 **
BX_API:** Remote QPN = 0xffffff **
BX_API:*** Sending the packet to Host ***

 0xff 0xf9 0x00 0x02 0x00 0x0e 0xc0 0x01 0x0d 0x03 0x00 0x00 0x6d 0x65 0x6c 0x6c
 0x61 0x6e 0x6f 0x78 0xf0 0x07 0x00 0x00 0x6d 0x65 0x6c 0x6c 0x61 0x6e 0x6f 0x78
 0x00 0x01 0x04 0x04 0x00 0x00 0x00 0x07 0x31 0x00 0x00 0x00 0x00 0x00 0x4c 0x65
 0xf1 0x04 0x00 0x00 0x6d 0x65 0x6c 0x6c 0x61 0x6e 0x6f 0x78 0x00 0x00 0x00 0x80
BX_API:bx_post_send(): Line 396:Exit: bx_post_send: 0
BX_API:bx_recv(): Line 542:Enter: bx_recv
BX_API:*** Packet sent successfully ***

 *** Incoming packet *** 

BX_API:bx_post_recv(): Line 296:Enter: bx_post_recv
BX_API:bx_post_recv(): Line 301:Exit: bx_post_recv
BX_API:bx_recv(): Line 585:Exit: bx_recv
BX_API:bx_send(): Line 511:Enter: bx_send()
BX_API:*** BXM sent this packet on bx_send() ***

 00 03 00 04 00 20 00 07 60 00 00 00 00 10 10 01
 fe 80 00 00 00 00 00 00 00 02 c9 02 00 00 77 65
 00 02 c9 03 00 02 79 69 00 00 00 00 00 00 00 00
 04 40 ff ff 00 18 00 48 00 00 00 00 80 02 00 02
 00 01 04 04 80 00 00 00 ff f9 00 02 00 0e c0 07
 0d 03 00 00 6d 65 6c 6c 61 6e 6f 78 f0 07 00 00
 6d 65 6c 6c 61 6e 6f 78 00 01 04 04 00 00 00 07
 31 00 00 00 00 00 4c 65 f1 04 00 00 6d 65 6c 6c
 61 6e 6f 78 00 00 00 80 00 00 00 00 00 00 00 00
 00 00 00 00 00 00 00 00 00 00 00 00 00 00 00 00
 00 00 00 00 00 00 00 00 00 00 00 00 00 00 00 00
 00 00 00 00 00 00 00 00 00 00 00 00 00 00 00 00
 00 00 00 00 00 00 00 00
BX_API:bx_send(): Line 532:Exit: bx_send()
BX_API:bx_post_send(): Line 346:Enter: bx_post_send
BX_API:*** Length of packet in bytes = 64***
BX_API:** Remote Qkey = 0x80020002 **
BX_API:** Remote QPN = 0x180048 **
BX_API:*** Sending the packet to Host ***

 0xff 0xf9 0x00 0x02 0x00 0x0e 0xc0 0x07 0x0d 0x03 0x00 0x00 0x6d 0x65 0x6c 0x6c
 0x61 0x6e 0x6f 0x78 0xf0 0x07 0x00 0x00 0x6d 0x65 0x6c 0x6c 0x61 0x6e 0x6f 0x78
 0x00 0x01 0x04 0x04 0x00 0x00 0x00 0x07 0x31 0x00 0x00 0x00 0x00 0x00 0x4c 0x65
 0xf1 0x04 0x00 0x00 0x6d 0x65 0x6c 0x6c 0x61 0x6e 0x6f 0x78 0x00 0x00 0x00 0x80
BX_API:bx_post_send(): Line 396:Exit: bx_post_send: 0
BX_API:bx_recv(): Line 542:Enter: bx_recv

 *** Incoming packet *** 

BX_API:bx_post_recv(): Line 296:Enter: bx_post_recv
BX_API:bx_post_recv(): Line 301:Exit: bx_post_recv
BX_API:bx_recv(): Line 585:Exit: bx_recv
BX_API:bx_send(): Line 511:Enter: bx_send()
BX_API:*** BXM sent this packet on bx_send() ***

 00 03 00 04 00 20 00 07 60 00 00 00 00 10 10 01
 fe 80 00 00 00 00 00 00 00 02 c9 02 00 00 77 65
 00 02 c9 03 00 02 79 69 00 00 00 00 00 00 00 00
 04 40 ff ff 00 18 00 48 00 00 00 00 80 02 00 02
 00 01 04 04 80 00 00 00 ff f9 00 02 00 0e c0 07
 0d 03 00 00 6d 65 6c 6c 61 6e 6f 78 f0 07 00 00
 6d 65 6c 6c 61 6e 6f 78 00 01 04 04 00 00 00 07
 31 00 00 00 00 00 4c 65 f1 04 00 00 6d 65 6c 6c
 61 6e 6f 78 00 00 00 80 00 00 00 00 00 00 00 00
 00 00 00 00 00 00 00 00 00 00 00 00 00 00 00 00
 00 00 00 00 00 00 00 00 00 00 00 00 00 00 00 00
 00 00 00 00 00 00 00 00 00 00 00 00 00 00 00 00
 00 00 00 00 00 00 00 00
BX_API:bx_send(): Line 532:Exit: bx_send()
BX_API:bx_post_send(): Line 346:Enter: bx_post_send
BX_API:*** Length of packet in bytes = 64***
BX_API:** Remote Qkey = 0x80020002 **
BX_API:** Remote QPN = 0x180048 **
BX_API:*** Sending the packet to Host ***

 0xff 0xf9 0x00 0x02 0x00 0x0e 0xc0 0x07 0x0d 0x03 0x00 0x00 0x6d 0x65 0x6c 0x6c
 0x61 0x6e 0x6f 0x78 0xf0 0x07 0x00 0x00 0x6d 0x65 0x6c 0x6c 0x61 0x6e 0x6f 0x78
 0x00 0x01 0x04 0x04 0x00 0x00 0x00 0x07 0x31 0x00 0x00 0x00 0x00 0x00 0x4c 0x65
 0xf1 0x04 0x00 0x00 0x6d 0x65 0x6c 0x6c 0x61 0x6e 0x6f 0x78 0x00 0x00 0x00 0x80
BX_API:bx_post_send(): Line 396:Exit: bx_post_send: -1
BX_API:bx_recv(): Line 542:Enter: bx_recv

 *** Incoming packet *** 

BX_API:bx_post_recv(): Line 296:Enter: bx_post_recv
BX_API:bx_post_recv(): Line 301:Exit: bx_post_recv
BX_API:bx_recv(): Line 585:Exit: bx_recv
BX_API:bx_send(): Line 511:Enter: bx_send()
BX_API:*** BXM sent this packet on bx_send() ***

 00 03 00 04 00 20 00 07 60 00 00 00 00 10 10 01
 fe 80 00 00 00 00 00 00 00 02 c9 02 00 00 77 65
 00 02 c9 03 00 02 79 69 00 00 00 00 00 00 00 00
 04 40 ff ff 00 18 00 48 00 00 00 00 80 02 00 02
 00 01 04 04 80 00 00 00 ff f9 00 02 00 0e c0 07
 0d 03 00 00 6d 65 6c 6c 61 6e 6f 78 f0 07 00 00
 6d 65 6c 6c 61 6e 6f 78 00 01 04 04 00 00 00 07
 31 00 00 00 00 00 4c 65 f1 04 00 00 6d 65 6c 6c
 61 6e 6f 78 00 00 00 80 00 00 00 00 00 00 00 00
 00 00 00 00 00 00 00 00 00 00 00 00 00 00 00 00
 00 00 00 00 00 00 00 00 00 00 00 00 00 00 00 00
 00 00 00 00 00 00 00 00 00 00 00 00 00 00 00 00
 00 00 00 00 00 00 00 00
BX_API:bx_send(): Line 532:Exit: bx_send()
BX_API:bx_post_send(): Line 346:Enter: bx_post_send
BX_API:*** Length of packet in bytes = 64***
BX_API:** Remote Qkey = 0x80020002 **
BX_API:** Remote QPN = 0x180048 **
BX_API:*** Sending the packet to Host ***

 0xff 0xf9 0x00 0x02 0x00 0x0e 0xc0 0x07 0x0d 0x03 0x00 0x00 0x6d 0x65 0x6c 0x6c
 0x61 0x6e 0x6f 0x78 0xf0 0x07 0x00 0x00 0x6d 0x65 0x6c 0x6c 0x61 0x6e 0x6f 0x78
 0x00 0x01 0x04 0x04 0x